2022-01-18T14:10:50,961 - CPUUtilization.Percent:50.0|#Level:Host|#hostname:LAPTOP-I681OQIJ,timestamp:1642511450
2022-01-18T14:10:50,966 - DiskAvailable.Gigabytes:217.8656883239746|#Level:Host|#hostname:LAPTOP-I681OQIJ,timestamp:1642511450
2022-01-18T14:10:50,969 - DiskUsage.Gigabytes:20.30117416381836|#Level:Host|#hostname:LAPTOP-I681OQIJ,timestamp:1642511450
2022-01-18T14:10:50,971 - DiskUtilization.Percent:8.5|#Level:Host|#hostname:LAPTOP-I681OQIJ,timestamp:1642511450
2022-01-18T14:10:50,973 - MemoryAvailable.Megabytes:10505.43359375|#Level:Host|#hostname:LAPTOP-I681OQIJ,timestamp:1642511450
2022-01-18T14:10:50,979 - MemoryUsed.Megabytes:1483.8203125|#Level:Host|#hostname:LAPTOP-I681OQIJ,timestamp:1642511450
2022-01-18T14:10:50,981 - MemoryUtilization.Percent:16.9|#Level:Host|#hostname:LAPTOP-I681OQIJ,timestamp:1642511450
2022-01-18T14:11:51,070 - CPUUtilization.Percent:0.0|#Level:Host|#hostname:LAPTOP-I681OQIJ,timestamp:1642511511
2022-01-18T14:11:51,074 - DiskAvailable.Gigabytes:217.8656883239746|#Level:Host|#hostname:LAPTOP-I681OQIJ,timestamp:1642511511
2022-01-18T14:11:51,077 - DiskUsage.Gigabytes:20.30117416381836|#Level:Host|#hostname:LAPTOP-I681OQIJ,timestamp:1642511511
2022-01-18T14:11:51,080 - DiskUtilization.Percent:8.5|#Level:Host|#hostname:LAPTOP-I681OQIJ,timestamp:1642511511
2022-01-18T14:11:51,083 - MemoryAvailable.Megabytes:10503.22265625|#Level:Host|#hostname:LAPTOP-I681OQIJ,timestamp:1642511511
2022-01-18T14:11:51,086 - MemoryUsed.Megabytes:1486.0234375|#Level:Host|#hostname:LAPTOP-I681OQIJ,timestamp:1642511511
2022-01-18T14:11:51,088 - MemoryUtilization.Percent:16.9|#Level:Host|#hostname:LAPTOP-I681OQIJ,timestamp:1642511511
2022-01-18T14:12:51,095 - CPUUtilization.Percent:0.0|#Level:Host|#hostname:LAPTOP-I681OQIJ,timestamp:1642511571
2022-01-18T14:12:51,099 - DiskAvailable.Gigabytes:217.8656883239746|#Level:Host|#hostname:LAPTOP-I681OQIJ,timestamp:1642511571
2022-01-18T14:12:51,103 - DiskUsage.Gigabytes:20.30117416381836|#Level:Host|#hostname:LAPTOP-I681OQIJ,timestamp:1642511571
2022-01-18T14:12:51,108 - DiskUtilization.Percent:8.5|#Level:Host|#hostname:LAPTOP-I681OQIJ,timestamp:1642511571
2022-01-18T14:12:51,114 - MemoryAvailable.Megabytes:10504.46484375|#Level:Host|#hostname:LAPTOP-I681OQIJ,timestamp:1642511571
2022-01-18T14:12:51,119 - MemoryUsed.Megabytes:1484.81640625|#Level:Host|#hostname:LAPTOP-I681OQIJ,timestamp:1642511571
2022-01-18T14:12:51,122 - MemoryUtilization.Percent:16.9|#Level:Host|#hostname:LAPTOP-I681OQIJ,timestamp:1642511571
2022-01-18T14:13:50,980 - CPUUtilization.Percent:0.0|#Level:Host|#hostname:LAPTOP-I681OQIJ,timestamp:1642511630
2022-01-18T14:13:50,981 - DiskAvailable.Gigabytes:217.8656883239746|#Level:Host|#hostname:LAPTOP-I681OQIJ,timestamp:1642511630
2022-01-18T14:13:50,983 - DiskUsage.Gigabytes:20.30117416381836|#Level:Host|#hostname:LAPTOP-I681OQIJ,timestamp:1642511630
2022-01-18T14:13:50,984 - DiskUtilization.Percent:8.5|#Level:Host|#hostname:LAPTOP-I681OQIJ,timestamp:1642511630
2022-01-18T14:13:50,985 - MemoryAvailable.Megabytes:10503.47265625|#Level:Host|#hostname:LAPTOP-I681OQIJ,timestamp:1642511630
2022-01-18T14:13:50,986 - MemoryUsed.Megabytes:1485.8125|#Level:Host|#hostname:LAPTOP-I681OQIJ,timestamp:1642511630
2022-01-18T14:13:50,987 - MemoryUtilization.Percent:16.9|#Level:Host|#hostname:LAPTOP-I681OQIJ,timestamp:1642511630
2022-01-18T14:14:50,975 - CPUUtilization.Percent:0.0|#Level:Host|#hostname:LAPTOP-I681OQIJ,timestamp:1642511690
2022-01-18T14:14:50,977 - DiskAvailable.Gigabytes:217.8656883239746|#Level:Host|#hostname:LAPTOP-I681OQIJ,timestamp:1642511690
2022-01-18T14:14:50,979 - DiskUsage.Gigabytes:20.30117416381836|#Level:Host|#hostname:LAPTOP-I681OQIJ,timestamp:1642511690
2022-01-18T14:14:50,981 - DiskUtilization.Percent:8.5|#Level:Host|#hostname:LAPTOP-I681OQIJ,timestamp:1642511690
2022-01-18T14:14:50,983 - MemoryAvailable.Megabytes:10505.16796875|#Level:Host|#hostname:LAPTOP-I681OQIJ,timestamp:1642511690
2022-01-18T14:14:50,985 - MemoryUsed.Megabytes:1484.1171875|#Level:Host|#hostname:LAPTOP-I681OQIJ,timestamp:1642511690
2022-01-18T14:14:50,987 - MemoryUtilization.Percent:16.9|#Level:Host|#hostname:LAPTOP-I681OQIJ,timestamp:1642511690
2022-01-18T14:15:50,972 - CPUUtilization.Percent:0.0|#Level:Host|#hostname:LAPTOP-I681OQIJ,timestamp:1642511750
2022-01-18T14:15:50,977 - DiskAvailable.Gigabytes:217.8656883239746|#Level:Host|#hostname:LAPTOP-I681OQIJ,timestamp:1642511750
2022-01-18T14:15:50,979 - DiskUsage.Gigabytes:20.30117416381836|#Level:Host|#hostname:LAPTOP-I681OQIJ,timestamp:1642511750
2022-01-18T14:15:50,981 - DiskUtilization.Percent:8.5|#Level:Host|#hostname:LAPTOP-I681OQIJ,timestamp:1642511750
2022-01-18T14:15:50,983 - MemoryAvailable.Megabytes:10503.953125|#Level:Host|#hostname:LAPTOP-I681OQIJ,timestamp:1642511750
2022-01-18T14:15:50,985 - MemoryUsed.Megabytes:1485.32421875|#Level:Host|#hostname:LAPTOP-I681OQIJ,timestamp:1642511750
2022-01-18T14:15:50,987 - MemoryUtilization.Percent:16.9|#Level:Host|#hostname:LAPTOP-I681OQIJ,timestamp:1642511750
2022-01-18T14:16:50,928 - CPUUtilization.Percent:0.0|#Level:Host|#hostname:LAPTOP-I681OQIJ,timestamp:1642511810
2022-01-18T14:16:50,930 - DiskAvailable.Gigabytes:217.8656883239746|#Level:Host|#hostname:LAPTOP-I681OQIJ,timestamp:1642511810
2022-01-18T14:16:50,932 - DiskUsage.Gigabytes:20.30117416381836|#Level:Host|#hostname:LAPTOP-I681OQIJ,timestamp:1642511810
2022-01-18T14:16:50,934 - DiskUtilization.Percent:8.5|#Level:Host|#hostname:LAPTOP-I681OQIJ,timestamp:1642511810
2022-01-18T14:16:50,936 - MemoryAvailable.Megabytes:10502.9296875|#Level:Host|#hostname:LAPTOP-I681OQIJ,timestamp:1642511810
2022-01-18T14:16:50,937 - MemoryUsed.Megabytes:1486.34765625|#Level:Host|#hostname:LAPTOP-I681OQIJ,timestamp:1642511810
2022-01-18T14:16:50,939 - MemoryUtilization.Percent:16.9|#Level:Host|#hostname:LAPTOP-I681OQIJ,timestamp:1642511810
2022-01-18T14:17:51,008 - CPUUtilization.Percent:0.0|#Level:Host|#hostname:LAPTOP-I681OQIJ,timestamp:1642511871
2022-01-18T14:17:51,009 - DiskAvailable.Gigabytes:217.8656883239746|#Level:Host|#hostname:LAPTOP-I681OQIJ,timestamp:1642511871
2022-01-18T14:17:51,010 - DiskUsage.Gigabytes:20.30117416381836|#Level:Host|#hostname:LAPTOP-I681OQIJ,timestamp:1642511871
2022-01-18T14:17:51,011 - DiskUtilization.Percent:8.5|#Level:Host|#hostname:LAPTOP-I681OQIJ,timestamp:1642511871
2022-01-18T14:17:51,013 - MemoryAvailable.Megabytes:10501.47265625|#Level:Host|#hostname:LAPTOP-I681OQIJ,timestamp:1642511871
2022-01-18T14:17:51,014 - MemoryUsed.Megabytes:1487.7734375|#Level:Host|#hostname:LAPTOP-I681OQIJ,timestamp:1642511871
2022-01-18T14:17:51,022 - MemoryUtilization.Percent:16.9|#Level:Host|#hostname:LAPTOP-I681OQIJ,timestamp:1642511871
2022-01-18T14:18:51,057 - CPUUtilization.Percent:100.0|#Level:Host|#hostname:LAPTOP-I681OQIJ,timestamp:1642511931
2022-01-18T14:18:51,060 - DiskAvailable.Gigabytes:217.8656883239746|#Level:Host|#hostname:LAPTOP-I681OQIJ,timestamp:1642511931
2022-01-18T14:18:51,063 - DiskUsage.Gigabytes:20.30117416381836|#Level:Host|#hostname:LAPTOP-I681OQIJ,timestamp:1642511931
2022-01-18T14:18:51,066 - DiskUtilization.Percent:8.5|#Level:Host|#hostname:LAPTOP-I681OQIJ,timestamp:1642511931
2022-01-18T14:18:51,069 - MemoryAvailable.Megabytes:10489.6953125|#Level:Host|#hostname:LAPTOP-I681OQIJ,timestamp:1642511931
2022-01-18T14:18:51,072 - MemoryUsed.Megabytes:1499.53125|#Level:Host|#hostname:LAPTOP-I681OQIJ,timestamp:1642511931
2022-01-18T14:18:51,075 - MemoryUtilization.Percent:17.0|#Level:Host|#hostname:LAPTOP-I681OQIJ,timestamp:1642511931
2022-01-18T14:19:50,964 - CPUUtilization.Percent:0.0|#Level:Host|#hostname:LAPTOP-I681OQIJ,timestamp:1642511990
2022-01-18T14:19:50,966 - DiskAvailable.Gigabytes:217.8656883239746|#Level:Host|#hostname:LAPTOP-I681OQIJ,timestamp:1642511990
2022-01-18T14:19:50,969 - DiskUsage.Gigabytes:20.30117416381836|#Level:Host|#hostname:LAPTOP-I681OQIJ,timestamp:1642511990
2022-01-18T14:19:50,971 - DiskUtilization.Percent:8.5|#Level:Host|#hostname:LAPTOP-I681OQIJ,timestamp:1642511990
2022-01-18T14:19:50,973 - MemoryAvailable.Megabytes:10484.828125|#Level:Host|#hostname:LAPTOP-I681OQIJ,timestamp:1642511990
2022-01-18T14:19:50,975 - MemoryUsed.Megabytes:1504.44140625|#Level:Host|#hostname:LAPTOP-I681OQIJ,timestamp:1642511990
2022-01-18T14:19:50,978 - MemoryUtilization.Percent:17.1|#Level:Host|#hostname:LAPTOP-I681OQIJ,timestamp:1642511990
2022-01-18T14:20:50,967 - CPUUtilization.Percent:0.0|#Level:Host|#hostname:LAPTOP-I681OQIJ,timestamp:1642512050
2022-01-18T14:20:50,969 - DiskAvailable.Gigabytes:217.86568450927734|#Level:Host|#hostname:LAPTOP-I681OQIJ,timestamp:1642512050
2022-01-18T14:20:50,971 - DiskUsage.Gigabytes:20.301177978515625|#Level:Host|#hostname:LAPTOP-I681OQIJ,timestamp:1642512050
2022-01-18T14:20:50,973 - DiskUtilization.Percent:8.5|#Level:Host|#hostname:LAPTOP-I681OQIJ,timestamp:1642512050
2022-01-18T14:20:50,976 - MemoryAvailable.Megabytes:10476.6015625|#Level:Host|#hostname:LAPTOP-I681OQIJ,timestamp:1642512050
2022-01-18T14:20:50,978 - MemoryUsed.Megabytes:1512.66015625|#Level:Host|#hostname:LAPTOP-I681OQIJ,timestamp:1642512050
2022-01-18T14:20:50,980 - MemoryUtilization.Percent:17.1|#Level:Host|#hostname:LAPTOP-I681OQIJ,timestamp:1642512050
2022-01-18T14:21:50,972 - CPUUtilization.Percent:0.0|#Level:Host|#hostname:LAPTOP-I681OQIJ,timestamp:1642512110
2022-01-18T14:21:50,974 - DiskAvailable.Gigabytes:217.86568450927734|#Level:Host|#hostname:LAPTOP-I681OQIJ,timestamp:1642512110
2022-01-18T14:21:50,976 - DiskUsage.Gigabytes:20.301177978515625|#Level:Host|#hostname:LAPTOP-I681OQIJ,timestamp:1642512110
2022-01-18T14:21:50,977 - DiskUtilization.Percent:8.5|#Level:Host|#hostname:LAPTOP-I681OQIJ,timestamp:1642512110
2022-01-18T14:21:50,980 - MemoryAvailable.Megabytes:10487.02734375|#Level:Host|#hostname:LAPTOP-I681OQIJ,timestamp:1642512110
2022-01-18T14:21:50,982 - MemoryUsed.Megabytes:1502.2265625|#Level:Host|#hostname:LAPTOP-I681OQIJ,timestamp:1642512110
2022-01-18T14:21:50,984 - MemoryUtilization.Percent:17.1|#Level:Host|#hostname:LAPTOP-I681OQIJ,timestamp:1642512110
2022-01-18T14:22:50,970 - CPUUtilization.Percent:0.0|#Level:Host|#hostname:LAPTOP-I681OQIJ,timestamp:1642512170
2022-01-18T14:22:50,972 - DiskAvailable.Gigabytes:217.86568450927734|#Level:Host|#hostname:LAPTOP-I681OQIJ,timestamp:1642512170
2022-01-18T14:22:50,973 - DiskUsage.Gigabytes:20.301177978515625|#Level:Host|#hostname:LAPTOP-I681OQIJ,timestamp:1642512170
2022-01-18T14:22:50,975 - DiskUtilization.Percent:8.5|#Level:Host|#hostname:LAPTOP-I681OQIJ,timestamp:1642512170
2022-01-18T14:22:50,977 - MemoryAvailable.Megabytes:10492.875|#Level:Host|#hostname:LAPTOP-I681OQIJ,timestamp:1642512170
2022-01-18T14:22:50,980 - MemoryUsed.Megabytes:1496.37890625|#Level:Host|#hostname:LAPTOP-I681OQIJ,timestamp:1642512170
2022-01-18T14:22:50,981 - MemoryUtilization.Percent:17.0|#Level:Host|#hostname:LAPTOP-I681OQIJ,timestamp:1642512170
2022-01-18T14:23:51,061 - CPUUtilization.Percent:0.0|#Level:Host|#hostname:LAPTOP-I681OQIJ,timestamp:1642512231
2022-01-18T14:23:51,065 - DiskAvailable.Gigabytes:217.86568069458008|#Level:Host|#hostname:LAPTOP-I681OQIJ,timestamp:1642512231
2022-01-18T14:23:51,068 - DiskUsage.Gigabytes:20.30118179321289|#Level:Host|#hostname:LAPTOP-I681OQIJ,timestamp:1642512231
2022-01-18T14:23:51,071 - DiskUtilization.Percent:8.5|#Level:Host|#hostname:LAPTOP-I681OQIJ,timestamp:1642512231
2022-01-18T14:23:51,073 - MemoryAvailable.Megabytes:10489.1484375|#Level:Host|#hostname:LAPTOP-I681OQIJ,timestamp:1642512231
2022-01-18T14:23:51,075 - MemoryUsed.Megabytes:1500.12109375|#Level:Host|#hostname:LAPTOP-I681OQIJ,timestamp:1642512231
2022-01-18T14:23:51,077 - MemoryUtilization.Percent:17.0|#Level:Host|#hostname:LAPTOP-I681OQIJ,timestamp:1642512231
2022-01-18T14:24:51,049 - CPUUtilization.Percent:0.0|#Level:Host|#hostname:LAPTOP-I681OQIJ,timestamp:1642512291
2022-01-18T14:24:51,051 - DiskAvailable.Gigabytes:217.86568069458008|#Level:Host|#hostname:LAPTOP-I681OQIJ,timestamp:1642512291
2022-01-18T14:24:51,053 - DiskUsage.Gigabytes:20.30118179321289|#Level:Host|#hostname:LAPTOP-I681OQIJ,timestamp:1642512291
2022-01-18T14:24:51,055 - DiskUtilization.Percent:8.5|#Level:Host|#hostname:LAPTOP-I681OQIJ,timestamp:1642512291
2022-01-18T14:24:51,057 - MemoryAvailable.Megabytes:10485.45703125|#Level:Host|#hostname:LAPTOP-I681OQIJ,timestamp:1642512291
2022-01-18T14:24:51,059 - MemoryUsed.Megabytes:1503.796875|#Level:Host|#hostname:LAPTOP-I681OQIJ,timestamp:1642512291
2022-01-18T14:24:51,061 - MemoryUtilization.Percent:17.1|#Level:Host|#hostname:LAPTOP-I681OQIJ,timestamp:1642512291
2022-01-18T14:25:50,959 - CPUUtilization.Percent:0.0|#Level:Host|#hostname:LAPTOP-I681OQIJ,timestamp:1642512350
2022-01-18T14:25:50,960 - DiskAvailable.Gigabytes:217.86568069458008|#Level:Host|#hostname:LAPTOP-I681OQIJ,timestamp:1642512350
2022-01-18T14:25:50,961 - DiskUsage.Gigabytes:20.30118179321289|#Level:Host|#hostname:LAPTOP-I681OQIJ,timestamp:1642512350
2022-01-18T14:25:50,962 - DiskUtilization.Percent:8.5|#Level:Host|#hostname:LAPTOP-I681OQIJ,timestamp:1642512350
2022-01-18T14:25:50,963 - MemoryAvailable.Megabytes:10478.19921875|#Level:Host|#hostname:LAPTOP-I681OQIJ,timestamp:1642512350
2022-01-18T14:25:50,964 - MemoryUsed.Megabytes:1511.00390625|#Level:Host|#hostname:LAPTOP-I681OQIJ,timestamp:1642512350
2022-01-18T14:25:50,965 - MemoryUtilization.Percent:17.1|#Level:Host|#hostname:LAPTOP-I681OQIJ,timestamp:1642512350
2022-01-18T14:26:50,923 - CPUUtilization.Percent:0.0|#Level:Host|#hostname:LAPTOP-I681OQIJ,timestamp:1642512410
2022-01-18T14:26:50,924 - DiskAvailable.Gigabytes:217.86568069458008|#Level:Host|#hostname:LAPTOP-I681OQIJ,timestamp:1642512410
2022-01-18T14:26:50,925 - DiskUsage.Gigabytes:20.30118179321289|#Level:Host|#hostname:LAPTOP-I681OQIJ,timestamp:1642512410
2022-01-18T14:26:50,926 - DiskUtilization.Percent:8.5|#Level:Host|#hostname:LAPTOP-I681OQIJ,timestamp:1642512410
2022-01-18T14:26:50,927 - MemoryAvailable.Megabytes:10483.66796875|#Level:Host|#hostname:LAPTOP-I681OQIJ,timestamp:1642512410
2022-01-18T14:26:50,928 - MemoryUsed.Megabytes:1505.55078125|#Level:Host|#hostname:LAPTOP-I681OQIJ,timestamp:1642512410
2022-01-18T14:26:50,929 - MemoryUtilization.Percent:17.1|#Level:Host|#hostname:LAPTOP-I681OQIJ,timestamp:1642512410
2022-01-18T14:27:51,009 - CPUUtilization.Percent:0.0|#Level:Host|#hostname:LAPTOP-I681OQIJ,timestamp:1642512471
2022-01-18T14:27:51,011 - DiskAvailable.Gigabytes:217.86568069458008|#Level:Host|#hostname:LAPTOP-I681OQIJ,timestamp:1642512471
2022-01-18T14:27:51,013 - DiskUsage.Gigabytes:20.30118179321289|#Level:Host|#hostname:LAPTOP-I681OQIJ,timestamp:1642512471
2022-01-18T14:27:51,015 - DiskUtilization.Percent:8.5|#Level:Host|#hostname:LAPTOP-I681OQIJ,timestamp:1642512471
2022-01-18T14:27:51,017 - MemoryAvailable.Megabytes:10482.34765625|#Level:Host|#hostname:LAPTOP-I681OQIJ,timestamp:1642512471
2022-01-18T14:27:51,018 - MemoryUsed.Megabytes:1506.83203125|#Level:Host|#hostname:LAPTOP-I681OQIJ,timestamp:1642512471
2022-01-18T14:27:51,020 - MemoryUtilization.Percent:17.1|#Level:Host|#hostname:LAPTOP-I681OQIJ,timestamp:1642512471
2022-01-18T14:28:51,061 - CPUUtilization.Percent:0.0|#Level:Host|#hostname:LAPTOP-I681OQIJ,timestamp:1642512531
2022-01-18T14:28:51,063 - DiskAvailable.Gigabytes:217.8656768798828|#Level:Host|#hostname:LAPTOP-I681OQIJ,timestamp:1642512531
2022-01-18T14:28:51,064 - DiskUsage.Gigabytes:20.301185607910156|#Level:Host|#hostname:LAPTOP-I681OQIJ,timestamp:1642512531
2022-01-18T14:28:51,066 - DiskUtilization.Percent:8.5|#Level:Host|#hostname:LAPTOP-I681OQIJ,timestamp:1642512531
2022-01-18T14:28:51,068 - MemoryAvailable.Megabytes:10480.10546875|#Level:Host|#hostname:LAPTOP-I681OQIJ,timestamp:1642512531
2022-01-18T14:28:51,069 - MemoryUsed.Megabytes:1509.12890625|#Level:Host|#hostname:LAPTOP-I681OQIJ,timestamp:1642512531
2022-01-18T14:28:51,071 - MemoryUtilization.Percent:17.1|#Level:Host|#hostname:LAPTOP-I681OQIJ,timestamp:1642512531
2022-01-18T14:29:50,963 - CPUUtilization.Percent:0.0|#Level:Host|#hostname:LAPTOP-I681OQIJ,timestamp:1642512590
2022-01-18T14:29:50,965 - DiskAvailable.Gigabytes:217.8656768798828|#Level:Host|#hostname:LAPTOP-I681OQIJ,timestamp:1642512590
2022-01-18T14:29:50,967 - DiskUsage.Gigabytes:20.301185607910156|#Level:Host|#hostname:LAPTOP-I681OQIJ,timestamp:1642512590
2022-01-18T14:29:50,968 - DiskUtilization.Percent:8.5|#Level:Host|#hostname:LAPTOP-I681OQIJ,timestamp:1642512590
2022-01-18T14:29:50,970 - MemoryAvailable.Megabytes:10478.89453125|#Level:Host|#hostname:LAPTOP-I681OQIJ,timestamp:1642512590
2022-01-18T14:29:50,971 - MemoryUsed.Megabytes:1510.3359375|#Level:Host|#hostname:LAPTOP-I681OQIJ,timestamp:1642512590
2022-01-18T14:29:50,973 - MemoryUtilization.Percent:17.1|#Level:Host|#hostname:LAPTOP-I681OQIJ,timestamp:1642512590
2022-01-18T14:30:51,044 - CPUUtilization.Percent:0.0|#Level:Host|#hostname:LAPTOP-I681OQIJ,timestamp:1642512651
2022-01-18T14:30:51,045 - DiskAvailable.Gigabytes:217.8656768798828|#Level:Host|#hostname:LAPTOP-I681OQIJ,timestamp:1642512651
2022-01-18T14:30:51,047 - DiskUsage.Gigabytes:20.301185607910156|#Level:Host|#hostname:LAPTOP-I681OQIJ,timestamp:1642512651
2022-01-18T14:30:51,048 - DiskUtilization.Percent:8.5|#Level:Host|#hostname:LAPTOP-I681OQIJ,timestamp:1642512651
2022-01-18T14:30:51,049 - MemoryAvailable.Megabytes:10470.421875|#Level:Host|#hostname:LAPTOP-I681OQIJ,timestamp:1642512651
2022-01-18T14:30:51,051 - MemoryUsed.Megabytes:1518.76953125|#Level:Host|#hostname:LAPTOP-I681OQIJ,timestamp:1642512651
2022-01-18T14:30:51,052 - MemoryUtilization.Percent:17.2|#Level:Host|#hostname:LAPTOP-I681OQIJ,timestamp:1642512651
2022-01-18T14:31:50,959 - CPUUtilization.Percent:0.0|#Level:Host|#hostname:LAPTOP-I681OQIJ,timestamp:1642512710
2022-01-18T14:31:50,961 - DiskAvailable.Gigabytes:217.8656768798828|#Level:Host|#hostname:LAPTOP-I681OQIJ,timestamp:1642512710
2022-01-18T14:31:50,962 - DiskUsage.Gigabytes:20.301185607910156|#Level:Host|#hostname:LAPTOP-I681OQIJ,timestamp:1642512710
2022-01-18T14:31:50,964 - DiskUtilization.Percent:8.5|#Level:Host|#hostname:LAPTOP-I681OQIJ,timestamp:1642512710
2022-01-18T14:31:50,965 - MemoryAvailable.Megabytes:10477.234375|#Level:Host|#hostname:LAPTOP-I681OQIJ,timestamp:1642512710
2022-01-18T14:31:50,966 - MemoryUsed.Megabytes:1511.98828125|#Level:Host|#hostname:LAPTOP-I681OQIJ,timestamp:1642512710
2022-01-18T14:31:50,968 - MemoryUtilization.Percent:17.1|#Level:Host|#hostname:LAPTOP-I681OQIJ,timestamp:1642512710
2022-01-18T14:32:50,955 - CPUUtilization.Percent:0.0|#Level:Host|#hostname:LAPTOP-I681OQIJ,timestamp:1642512770
2022-01-18T14:32:50,957 - DiskAvailable.Gigabytes:217.8656768798828|#Level:Host|#hostname:LAPTOP-I681OQIJ,timestamp:1642512770
2022-01-18T14:32:50,958 - DiskUsage.Gigabytes:20.301185607910156|#Level:Host|#hostname:LAPTOP-I681OQIJ,timestamp:1642512770
2022-01-18T14:32:50,959 - DiskUtilization.Percent:8.5|#Level:Host|#hostname:LAPTOP-I681OQIJ,timestamp:1642512770
2022-01-18T14:32:50,961 - MemoryAvailable.Megabytes:10476.62109375|#Level:Host|#hostname:LAPTOP-I681OQIJ,timestamp:1642512770
2022-01-18T14:32:50,962 - MemoryUsed.Megabytes:1512.60546875|#Level:Host|#hostname:LAPTOP-I681OQIJ,timestamp:1642512770
2022-01-18T14:32:50,964 - MemoryUtilization.Percent:17.1|#Level:Host|#hostname:LAPTOP-I681OQIJ,timestamp:1642512770
2022-01-18T14:33:50,958 - CPUUtilization.Percent:0.0|#Level:Host|#hostname:LAPTOP-I681OQIJ,timestamp:1642512830
2022-01-18T14:33:50,961 - DiskAvailable.Gigabytes:217.8656768798828|#Level:Host|#hostname:LAPTOP-I681OQIJ,timestamp:1642512830
2022-01-18T14:33:50,963 - DiskUsage.Gigabytes:20.301185607910156|#Level:Host|#hostname:LAPTOP-I681OQIJ,timestamp:1642512830
2022-01-18T14:33:50,964 - DiskUtilization.Percent:8.5|#Level:Host|#hostname:LAPTOP-I681OQIJ,timestamp:1642512830
2022-01-18T14:33:50,966 - MemoryAvailable.Megabytes:10471.0546875|#Level:Host|#hostname:LAPTOP-I681OQIJ,timestamp:1642512830
2022-01-18T14:33:50,967 - MemoryUsed.Megabytes:1518.13671875|#Level:Host|#hostname:LAPTOP-I681OQIJ,timestamp:1642512830
2022-01-18T14:33:50,969 - MemoryUtilization.Percent:17.2|#Level:Host|#hostname:LAPTOP-I681OQIJ,timestamp:1642512830
2022-01-18T14:34:50,949 - CPUUtilization.Percent:0.0|#Level:Host|#hostname:LAPTOP-I681OQIJ,timestamp:1642512890
2022-01-18T14:34:50,950 - DiskAvailable.Gigabytes:217.8656768798828|#Level:Host|#hostname:LAPTOP-I681OQIJ,timestamp:1642512890
2022-01-18T14:34:50,952 - DiskUsage.Gigabytes:20.301185607910156|#Level:Host|#hostname:LAPTOP-I681OQIJ,timestamp:1642512890
2022-01-18T14:34:50,953 - DiskUtilization.Percent:8.5|#Level:Host|#hostname:LAPTOP-I681OQIJ,timestamp:1642512890
2022-01-18T14:34:50,954 - MemoryAvailable.Megabytes:10472.3515625|#Level:Host|#hostname:LAPTOP-I681OQIJ,timestamp:1642512890
2022-01-18T14:34:50,955 - MemoryUsed.Megabytes:1516.8828125|#Level:Host|#hostname:LAPTOP-I681OQIJ,timestamp:1642512890
2022-01-18T14:34:50,956 - MemoryUtilization.Percent:17.2|#Level:Host|#hostname:LAPTOP-I681OQIJ,timestamp:1642512890
2022-01-18T14:35:50,922 - CPUUtilization.Percent:0.0|#Level:Host|#hostname:LAPTOP-I681OQIJ,timestamp:1642512950
2022-01-18T14:35:50,924 - DiskAvailable.Gigabytes:217.8656768798828|#Level:Host|#hostname:LAPTOP-I681OQIJ,timestamp:1642512950
2022-01-18T14:35:50,926 - DiskUsage.Gigabytes:20.301185607910156|#Level:Host|#hostname:LAPTOP-I681OQIJ,timestamp:1642512950
2022-01-18T14:35:50,927 - DiskUtilization.Percent:8.5|#Level:Host|#hostname:LAPTOP-I681OQIJ,timestamp:1642512950
2022-01-18T14:35:50,928 - MemoryAvailable.Megabytes:10472.26171875|#Level:Host|#hostname:LAPTOP-I681OQIJ,timestamp:1642512950
2022-01-18T14:35:50,929 - MemoryUsed.Megabytes:1516.92578125|#Level:Host|#hostname:LAPTOP-I681OQIJ,timestamp:1642512950
2022-01-18T14:35:50,931 - MemoryUtilization.Percent:17.2|#Level:Host|#hostname:LAPTOP-I681OQIJ,timestamp:1642512950
2022-01-18T14:36:50,898 - CPUUtilization.Percent:0.0|#Level:Host|#hostname:LAPTOP-I681OQIJ,timestamp:1642513010
2022-01-18T14:36:50,899 - DiskAvailable.Gigabytes:217.8656768798828|#Level:Host|#hostname:LAPTOP-I681OQIJ,timestamp:1642513010
2022-01-18T14:36:50,900 - DiskUsage.Gigabytes:20.301185607910156|#Level:Host|#hostname:LAPTOP-I681OQIJ,timestamp:1642513010
2022-01-18T14:36:50,901 - DiskUtilization.Percent:8.5|#Level:Host|#hostname:LAPTOP-I681OQIJ,timestamp:1642513010
2022-01-18T14:36:50,901 - MemoryAvailable.Megabytes:10472.7109375|#Level:Host|#hostname:LAPTOP-I681OQIJ,timestamp:1642513010
2022-01-18T14:36:50,902 - MemoryUsed.Megabytes:1516.5078125|#Level:Host|#hostname:LAPTOP-I681OQIJ,timestamp:1642513010
2022-01-18T14:36:50,903 - MemoryUtilization.Percent:17.2|#Level:Host|#hostname:LAPTOP-I681OQIJ,timestamp:1642513010
2022-01-18T14:55:53,553 - CPUUtilization.Percent:0.0|#Level:Host|#hostname:LAPTOP-I681OQIJ,timestamp:1642514153
2022-01-18T14:55:53,554 - DiskAvailable.Gigabytes:217.8656768798828|#Level:Host|#hostname:LAPTOP-I681OQIJ,timestamp:1642514153
2022-01-18T14:55:53,555 - DiskUsage.Gigabytes:20.301185607910156|#Level:Host|#hostname:LAPTOP-I681OQIJ,timestamp:1642514153
2022-01-18T14:55:53,555 - DiskUtilization.Percent:8.5|#Level:Host|#hostname:LAPTOP-I681OQIJ,timestamp:1642514153
2022-01-18T14:55:53,555 - MemoryAvailable.Megabytes:10475.296875|#Level:Host|#hostname:LAPTOP-I681OQIJ,timestamp:1642514153
2022-01-18T14:55:53,556 - MemoryUsed.Megabytes:1513.91796875|#Level:Host|#hostname:LAPTOP-I681OQIJ,timestamp:1642514153
2022-01-18T14:55:53,556 - MemoryUtilization.Percent:17.2|#Level:Host|#hostname:LAPTOP-I681OQIJ,timestamp:1642514153
2022-01-18T14:56:49,516 - Requests4XX.Count:1|#Level:Host|#hostname:LAPTOP-I681OQIJ,timestamp:null
2022-01-18T14:56:53,551 - CPUUtilization.Percent:0.0|#Level:Host|#hostname:LAPTOP-I681OQIJ,timestamp:1642514213
2022-01-18T14:56:53,552 - DiskAvailable.Gigabytes:217.8656768798828|#Level:Host|#hostname:LAPTOP-I681OQIJ,timestamp:1642514213
2022-01-18T14:56:53,552 - DiskUsage.Gigabytes:20.301185607910156|#Level:Host|#hostname:LAPTOP-I681OQIJ,timestamp:1642514213
2022-01-18T14:56:53,553 - DiskUtilization.Percent:8.5|#Level:Host|#hostname:LAPTOP-I681OQIJ,timestamp:1642514213
2022-01-18T14:56:53,554 - MemoryAvailable.Megabytes:10447.69921875|#Level:Host|#hostname:LAPTOP-I681OQIJ,timestamp:1642514213
2022-01-18T14:56:53,554 - MemoryUsed.Megabytes:1541.4921875|#Level:Host|#hostname:LAPTOP-I681OQIJ,timestamp:1642514213
2022-01-18T14:56:53,555 - MemoryUtilization.Percent:17.4|#Level:Host|#hostname:LAPTOP-I681OQIJ,timestamp:1642514213
2022-01-18T14:57:21,987 - Requests4XX.Count:1|#Level:Host|#hostname:LAPTOP-I681OQIJ,timestamp:null
2022-01-18T14:57:53,626 - CPUUtilization.Percent:0.0|#Level:Host|#hostname:LAPTOP-I681OQIJ,timestamp:1642514273
2022-01-18T14:57:53,627 - DiskAvailable.Gigabytes:217.8656768798828|#Level:Host|#hostname:LAPTOP-I681OQIJ,timestamp:1642514273
2022-01-18T14:57:53,629 - DiskUsage.Gigabytes:20.301185607910156|#Level:Host|#hostname:LAPTOP-I681OQIJ,timestamp:1642514273
2022-01-18T14:57:53,631 - DiskUtilization.Percent:8.5|#Level:Host|#hostname:LAPTOP-I681OQIJ,timestamp:1642514273
2022-01-18T14:57:53,632 - MemoryAvailable.Megabytes:10429.6484375|#Level:Host|#hostname:LAPTOP-I681OQIJ,timestamp:1642514273
2022-01-18T14:57:53,634 - MemoryUsed.Megabytes:1559.5234375|#Level:Host|#hostname:LAPTOP-I681OQIJ,timestamp:1642514273
2022-01-18T14:57:53,635 - MemoryUtilization.Percent:17.5|#Level:Host|#hostname:LAPTOP-I681OQIJ,timestamp:1642514273
2022-01-18T14:58:53,633 - CPUUtilization.Percent:0.0|#Level:Host|#hostname:LAPTOP-I681OQIJ,timestamp:1642514333
2022-01-18T14:58:53,635 - DiskAvailable.Gigabytes:217.8656768798828|#Level:Host|#hostname:LAPTOP-I681OQIJ,timestamp:1642514333
2022-01-18T14:58:53,636 - DiskUsage.Gigabytes:20.301185607910156|#Level:Host|#hostname:LAPTOP-I681OQIJ,timestamp:1642514333
2022-01-18T14:58:53,638 - DiskUtilization.Percent:8.5|#Level:Host|#hostname:LAPTOP-I681OQIJ,timestamp:1642514333
2022-01-18T14:58:53,640 - MemoryAvailable.Megabytes:10428.76171875|#Level:Host|#hostname:LAPTOP-I681OQIJ,timestamp:1642514333
2022-01-18T14:58:53,641 - MemoryUsed.Megabytes:1560.41015625|#Level:Host|#hostname:LAPTOP-I681OQIJ,timestamp:1642514333
2022-01-18T14:58:53,643 - MemoryUtilization.Percent:17.5|#Level:Host|#hostname:LAPTOP-I681OQIJ,timestamp:1642514333
2022-01-18T14:59:53,663 - CPUUtilization.Percent:0.0|#Level:Host|#hostname:LAPTOP-I681OQIJ,timestamp:1642514393
2022-01-18T14:59:53,665 - DiskAvailable.Gigabytes:217.86567306518555|#Level:Host|#hostname:LAPTOP-I681OQIJ,timestamp:1642514393
2022-01-18T14:59:53,666 - DiskUsage.Gigabytes:20.301189422607422|#Level:Host|#hostname:LAPTOP-I681OQIJ,timestamp:1642514393
2022-01-18T14:59:53,668 - DiskUtilization.Percent:8.5|#Level:Host|#hostname:LAPTOP-I681OQIJ,timestamp:1642514393
2022-01-18T14:59:53,670 - MemoryAvailable.Megabytes:10428.8125|#Level:Host|#hostname:LAPTOP-I681OQIJ,timestamp:1642514393
2022-01-18T14:59:53,671 - MemoryUsed.Megabytes:1560.35546875|#Level:Host|#hostname:LAPTOP-I681OQIJ,timestamp:1642514393
2022-01-18T14:59:53,673 - MemoryUtilization.Percent:17.5|#Level:Host|#hostname:LAPTOP-I681OQIJ,timestamp:1642514393
2022-01-18T15:01:01,967 - CPUUtilization.Percent:0.0|#Level:Host|#hostname:LAPTOP-I681OQIJ,timestamp:1642514461
2022-01-18T15:01:01,972 - DiskAvailable.Gigabytes:217.86567306518555|#Level:Host|#hostname:LAPTOP-I681OQIJ,timestamp:1642514461
2022-01-18T15:01:01,974 - DiskUsage.Gigabytes:20.301189422607422|#Level:Host|#hostname:LAPTOP-I681OQIJ,timestamp:1642514461
2022-01-18T15:01:01,977 - DiskUtilization.Percent:8.5|#Level:Host|#hostname:LAPTOP-I681OQIJ,timestamp:1642514461
2022-01-18T15:01:01,980 - MemoryAvailable.Megabytes:10504.9296875|#Level:Host|#hostname:LAPTOP-I681OQIJ,timestamp:1642514461
2022-01-18T15:01:01,984 - MemoryUsed.Megabytes:1484.27734375|#Level:Host|#hostname:LAPTOP-I681OQIJ,timestamp:1642514461
2022-01-18T15:01:01,986 - MemoryUtilization.Percent:16.9|#Level:Host|#hostname:LAPTOP-I681OQIJ,timestamp:1642514461
2022-01-18T15:02:02,000 - CPUUtilization.Percent:0.0|#Level:Host|#hostname:LAPTOP-I681OQIJ,timestamp:1642514521
2022-01-18T15:02:02,002 - DiskAvailable.Gigabytes:217.86567306518555|#Level:Host|#hostname:LAPTOP-I681OQIJ,timestamp:1642514521
2022-01-18T15:02:02,005 - DiskUsage.Gigabytes:20.301189422607422|#Level:Host|#hostname:LAPTOP-I681OQIJ,timestamp:1642514522
2022-01-18T15:02:02,007 - DiskUtilization.Percent:8.5|#Level:Host|#hostname:LAPTOP-I681OQIJ,timestamp:1642514522
2022-01-18T15:02:02,010 - MemoryAvailable.Megabytes:10504.03515625|#Level:Host|#hostname:LAPTOP-I681OQIJ,timestamp:1642514522
2022-01-18T15:02:02,012 - MemoryUsed.Megabytes:1485.140625|#Level:Host|#hostname:LAPTOP-I681OQIJ,timestamp:1642514522
2022-01-18T15:02:02,014 - MemoryUtilization.Percent:16.9|#Level:Host|#hostname:LAPTOP-I681OQIJ,timestamp:1642514522
2022-01-18T15:03:01,985 - CPUUtilization.Percent:0.0|#Level:Host|#hostname:LAPTOP-I681OQIJ,timestamp:1642514581
2022-01-18T15:03:01,988 - DiskAvailable.Gigabytes:217.86567306518555|#Level:Host|#hostname:LAPTOP-I681OQIJ,timestamp:1642514581
2022-01-18T15:03:01,990 - DiskUsage.Gigabytes:20.301189422607422|#Level:Host|#hostname:LAPTOP-I681OQIJ,timestamp:1642514581
2022-01-18T15:03:01,993 - DiskUtilization.Percent:8.5|#Level:Host|#hostname:LAPTOP-I681OQIJ,timestamp:1642514581
2022-01-18T15:03:01,995 - MemoryAvailable.Megabytes:10503.77734375|#Level:Host|#hostname:LAPTOP-I681OQIJ,timestamp:1642514581
2022-01-18T15:03:01,997 - MemoryUsed.Megabytes:1485.37109375|#Level:Host|#hostname:LAPTOP-I681OQIJ,timestamp:1642514581
2022-01-18T15:03:01,999 - MemoryUtilization.Percent:16.9|#Level:Host|#hostname:LAPTOP-I681OQIJ,timestamp:1642514581
2022-01-18T15:04:02,031 - CPUUtilization.Percent:0.0|#Level:Host|#hostname:LAPTOP-I681OQIJ,timestamp:1642514642
2022-01-18T15:04:02,036 - DiskAvailable.Gigabytes:217.86566543579102|#Level:Host|#hostname:LAPTOP-I681OQIJ,timestamp:1642514642
2022-01-18T15:04:02,039 - DiskUsage.Gigabytes:20.301197052001953|#Level:Host|#hostname:LAPTOP-I681OQIJ,timestamp:1642514642
2022-01-18T15:04:02,041 - DiskUtilization.Percent:8.5|#Level:Host|#hostname:LAPTOP-I681OQIJ,timestamp:1642514642
2022-01-18T15:04:02,044 - MemoryAvailable.Megabytes:10501.015625|#Level:Host|#hostname:LAPTOP-I681OQIJ,timestamp:1642514642
2022-01-18T15:04:02,046 - MemoryUsed.Megabytes:1488.125|#Level:Host|#hostname:LAPTOP-I681OQIJ,timestamp:1642514642
2022-01-18T15:04:02,048 - MemoryUtilization.Percent:17.0|#Level:Host|#hostname:LAPTOP-I681OQIJ,timestamp:1642514642
2022-01-18T15:04:38,203 - Requests4XX.Count:1|#Level:Host|#hostname:LAPTOP-I681OQIJ,timestamp:null
2022-01-18T15:05:02,089 - CPUUtilization.Percent:0.0|#Level:Host|#hostname:LAPTOP-I681OQIJ,timestamp:1642514702
2022-01-18T15:05:02,092 - DiskAvailable.Gigabytes:217.86566543579102|#Level:Host|#hostname:LAPTOP-I681OQIJ,timestamp:1642514702
2022-01-18T15:05:02,094 - DiskUsage.Gigabytes:20.301197052001953|#Level:Host|#hostname:LAPTOP-I681OQIJ,timestamp:1642514702
2022-01-18T15:05:02,096 - DiskUtilization.Percent:8.5|#Level:Host|#hostname:LAPTOP-I681OQIJ,timestamp:1642514702
2022-01-18T15:05:02,098 - MemoryAvailable.Megabytes:10473.46875|#Level:Host|#hostname:LAPTOP-I681OQIJ,timestamp:1642514702
2022-01-18T15:05:02,099 - MemoryUsed.Megabytes:1515.69140625|#Level:Host|#hostname:LAPTOP-I681OQIJ,timestamp:1642514702
2022-01-18T15:05:02,101 - MemoryUtilization.Percent:17.2|#Level:Host|#hostname:LAPTOP-I681OQIJ,timestamp:1642514702
