2022-01-18T12:51:44,539 [INFO ] pool-3-thread-2 TS_METRICS - CPUUtilization.Percent:0.0|#Level:Host|#hostname:LAPTOP-I681OQIJ,timestamp:1642506704
2022-01-18T12:51:44,582 [INFO ] pool-3-thread-2 TS_METRICS - DiskAvailable.Gigabytes:217.81219100952148|#Level:Host|#hostname:LAPTOP-I681OQIJ,timestamp:1642506704
2022-01-18T12:51:44,583 [INFO ] pool-3-thread-2 TS_METRICS - DiskUsage.Gigabytes:20.354671478271484|#Level:Host|#hostname:LAPTOP-I681OQIJ,timestamp:1642506704
2022-01-18T12:51:44,583 [INFO ] pool-3-thread-2 TS_METRICS - DiskUtilization.Percent:8.5|#Level:Host|#hostname:LAPTOP-I681OQIJ,timestamp:1642506704
2022-01-18T12:51:44,584 [INFO ] pool-3-thread-2 TS_METRICS - MemoryAvailable.Megabytes:10209.97265625|#Level:Host|#hostname:LAPTOP-I681OQIJ,timestamp:1642506704
2022-01-18T12:51:44,585 [INFO ] pool-3-thread-2 TS_METRICS - MemoryUsed.Megabytes:2004.6484375|#Level:Host|#hostname:LAPTOP-I681OQIJ,timestamp:1642506704
2022-01-18T12:51:44,619 [INFO ] pool-3-thread-2 TS_METRICS - MemoryUtilization.Percent:19.3|#Level:Host|#hostname:LAPTOP-I681OQIJ,timestamp:1642506704
2022-01-18T12:53:50,719 [INFO ] pool-3-thread-2 TS_METRICS - CPUUtilization.Percent:0.0|#Level:Host|#hostname:LAPTOP-I681OQIJ,timestamp:1642506830
2022-01-18T12:53:50,722 [INFO ] pool-3-thread-2 TS_METRICS - DiskAvailable.Gigabytes:217.81218719482422|#Level:Host|#hostname:LAPTOP-I681OQIJ,timestamp:1642506830
2022-01-18T12:53:50,723 [INFO ] pool-3-thread-2 TS_METRICS - DiskUsage.Gigabytes:20.35467529296875|#Level:Host|#hostname:LAPTOP-I681OQIJ,timestamp:1642506830
2022-01-18T12:53:50,724 [INFO ] pool-3-thread-2 TS_METRICS - DiskUtilization.Percent:8.5|#Level:Host|#hostname:LAPTOP-I681OQIJ,timestamp:1642506830
2022-01-18T12:53:50,725 [INFO ] pool-3-thread-2 TS_METRICS - MemoryAvailable.Megabytes:10194.140625|#Level:Host|#hostname:LAPTOP-I681OQIJ,timestamp:1642506830
2022-01-18T12:53:50,725 [INFO ] pool-3-thread-2 TS_METRICS - MemoryUsed.Megabytes:2020.48046875|#Level:Host|#hostname:LAPTOP-I681OQIJ,timestamp:1642506830
2022-01-18T12:53:50,726 [INFO ] pool-3-thread-2 TS_METRICS - MemoryUtilization.Percent:19.4|#Level:Host|#hostname:LAPTOP-I681OQIJ,timestamp:1642506830
2022-01-18T12:53:50,955 [INFO ] pool-3-thread-2 TS_METRICS - CPUUtilization.Percent:0.0|#Level:Host|#hostname:LAPTOP-I681OQIJ,timestamp:1642506830
2022-01-18T12:53:50,956 [INFO ] pool-3-thread-2 TS_METRICS - DiskAvailable.Gigabytes:217.81218719482422|#Level:Host|#hostname:LAPTOP-I681OQIJ,timestamp:1642506830
2022-01-18T12:53:50,957 [INFO ] pool-3-thread-2 TS_METRICS - DiskUsage.Gigabytes:20.35467529296875|#Level:Host|#hostname:LAPTOP-I681OQIJ,timestamp:1642506830
2022-01-18T12:53:50,958 [INFO ] pool-3-thread-2 TS_METRICS - DiskUtilization.Percent:8.5|#Level:Host|#hostname:LAPTOP-I681OQIJ,timestamp:1642506830
2022-01-18T12:53:50,958 [INFO ] pool-3-thread-2 TS_METRICS - MemoryAvailable.Megabytes:11397.91796875|#Level:Host|#hostname:LAPTOP-I681OQIJ,timestamp:1642506830
2022-01-18T12:53:50,959 [INFO ] pool-3-thread-2 TS_METRICS - MemoryUsed.Megabytes:816.703125|#Level:Host|#hostname:LAPTOP-I681OQIJ,timestamp:1642506830
2022-01-18T12:53:50,960 [INFO ] pool-3-thread-2 TS_METRICS - MemoryUtilization.Percent:9.9|#Level:Host|#hostname:LAPTOP-I681OQIJ,timestamp:1642506830
