2022-01-18T12:51:44,539 - CPUUtilization.Percent:0.0|#Level:Host|#hostname:LAPTOP-I681OQIJ,timestamp:1642506704
2022-01-18T12:51:44,582 - DiskAvailable.Gigabytes:217.81219100952148|#Level:Host|#hostname:LAPTOP-I681OQIJ,timestamp:1642506704
2022-01-18T12:51:44,583 - DiskUsage.Gigabytes:20.354671478271484|#Level:Host|#hostname:LAPTOP-I681OQIJ,timestamp:1642506704
2022-01-18T12:51:44,583 - DiskUtilization.Percent:8.5|#Level:Host|#hostname:LAPTOP-I681OQIJ,timestamp:1642506704
2022-01-18T12:51:44,584 - MemoryAvailable.Megabytes:10209.97265625|#Level:Host|#hostname:LAPTOP-I681OQIJ,timestamp:1642506704
2022-01-18T12:51:44,585 - MemoryUsed.Megabytes:2004.6484375|#Level:Host|#hostname:LAPTOP-I681OQIJ,timestamp:1642506704
2022-01-18T12:51:44,619 - MemoryUtilization.Percent:19.3|#Level:Host|#hostname:LAPTOP-I681OQIJ,timestamp:1642506704
2022-01-18T12:53:50,719 - CPUUtilization.Percent:0.0|#Level:Host|#hostname:LAPTOP-I681OQIJ,timestamp:1642506830
2022-01-18T12:53:50,722 - DiskAvailable.Gigabytes:217.81218719482422|#Level:Host|#hostname:LAPTOP-I681OQIJ,timestamp:1642506830
2022-01-18T12:53:50,723 - DiskUsage.Gigabytes:20.35467529296875|#Level:Host|#hostname:LAPTOP-I681OQIJ,timestamp:1642506830
2022-01-18T12:53:50,724 - DiskUtilization.Percent:8.5|#Level:Host|#hostname:LAPTOP-I681OQIJ,timestamp:1642506830
2022-01-18T12:53:50,725 - MemoryAvailable.Megabytes:10194.140625|#Level:Host|#hostname:LAPTOP-I681OQIJ,timestamp:1642506830
2022-01-18T12:53:50,725 - MemoryUsed.Megabytes:2020.48046875|#Level:Host|#hostname:LAPTOP-I681OQIJ,timestamp:1642506830
2022-01-18T12:53:50,726 - MemoryUtilization.Percent:19.4|#Level:Host|#hostname:LAPTOP-I681OQIJ,timestamp:1642506830
2022-01-18T12:53:50,955 - CPUUtilization.Percent:0.0|#Level:Host|#hostname:LAPTOP-I681OQIJ,timestamp:1642506830
2022-01-18T12:53:50,956 - DiskAvailable.Gigabytes:217.81218719482422|#Level:Host|#hostname:LAPTOP-I681OQIJ,timestamp:1642506830
2022-01-18T12:53:50,957 - DiskUsage.Gigabytes:20.35467529296875|#Level:Host|#hostname:LAPTOP-I681OQIJ,timestamp:1642506830
2022-01-18T12:53:50,958 - DiskUtilization.Percent:8.5|#Level:Host|#hostname:LAPTOP-I681OQIJ,timestamp:1642506830
2022-01-18T12:53:50,958 - MemoryAvailable.Megabytes:11397.91796875|#Level:Host|#hostname:LAPTOP-I681OQIJ,timestamp:1642506830
2022-01-18T12:53:50,959 - MemoryUsed.Megabytes:816.703125|#Level:Host|#hostname:LAPTOP-I681OQIJ,timestamp:1642506830
2022-01-18T12:53:50,960 - MemoryUtilization.Percent:9.9|#Level:Host|#hostname:LAPTOP-I681OQIJ,timestamp:1642506830
2022-01-18T15:06:12,171 - CPUUtilization.Percent:0.0|#Level:Host|#hostname:LAPTOP-I681OQIJ,timestamp:1642514772
2022-01-18T15:06:12,174 - DiskAvailable.Gigabytes:217.86566543579102|#Level:Host|#hostname:LAPTOP-I681OQIJ,timestamp:1642514772
2022-01-18T15:06:12,175 - DiskUsage.Gigabytes:20.301197052001953|#Level:Host|#hostname:LAPTOP-I681OQIJ,timestamp:1642514772
2022-01-18T15:06:12,176 - DiskUtilization.Percent:8.5|#Level:Host|#hostname:LAPTOP-I681OQIJ,timestamp:1642514772
2022-01-18T15:06:12,177 - MemoryAvailable.Megabytes:10498.75390625|#Level:Host|#hostname:LAPTOP-I681OQIJ,timestamp:1642514772
2022-01-18T15:06:12,179 - MemoryUsed.Megabytes:1490.421875|#Level:Host|#hostname:LAPTOP-I681OQIJ,timestamp:1642514772
2022-01-18T15:06:12,180 - MemoryUtilization.Percent:17.0|#Level:Host|#hostname:LAPTOP-I681OQIJ,timestamp:1642514772
2022-01-18T15:07:00,876 - Requests4XX.Count:1|#Level:Host|#hostname:LAPTOP-I681OQIJ,timestamp:null
2022-01-18T15:07:12,258 - CPUUtilization.Percent:0.0|#Level:Host|#hostname:LAPTOP-I681OQIJ,timestamp:1642514832
2022-01-18T15:07:12,260 - DiskAvailable.Gigabytes:217.86566543579102|#Level:Host|#hostname:LAPTOP-I681OQIJ,timestamp:1642514832
2022-01-18T15:07:12,264 - DiskUsage.Gigabytes:20.301197052001953|#Level:Host|#hostname:LAPTOP-I681OQIJ,timestamp:1642514832
2022-01-18T15:07:12,269 - DiskUtilization.Percent:8.5|#Level:Host|#hostname:LAPTOP-I681OQIJ,timestamp:1642514832
2022-01-18T15:07:12,272 - MemoryAvailable.Megabytes:10451.05859375|#Level:Host|#hostname:LAPTOP-I681OQIJ,timestamp:1642514832
2022-01-18T15:07:12,274 - MemoryUsed.Megabytes:1537.8828125|#Level:Host|#hostname:LAPTOP-I681OQIJ,timestamp:1642514832
2022-01-18T15:07:12,280 - MemoryUtilization.Percent:17.3|#Level:Host|#hostname:LAPTOP-I681OQIJ,timestamp:1642514832
2022-01-18T15:07:53,572 - Requests4XX.Count:1|#Level:Host|#hostname:LAPTOP-I681OQIJ,timestamp:null
2022-01-18T15:08:03,567 - Requests4XX.Count:1|#Level:Host|#hostname:LAPTOP-I681OQIJ,timestamp:null
2022-01-18T15:08:12,186 - CPUUtilization.Percent:0.0|#Level:Host|#hostname:LAPTOP-I681OQIJ,timestamp:1642514892
2022-01-18T15:08:12,187 - DiskAvailable.Gigabytes:217.86566162109375|#Level:Host|#hostname:LAPTOP-I681OQIJ,timestamp:1642514892
2022-01-18T15:08:12,188 - DiskUsage.Gigabytes:20.30120086669922|#Level:Host|#hostname:LAPTOP-I681OQIJ,timestamp:1642514892
2022-01-18T15:08:12,189 - DiskUtilization.Percent:8.5|#Level:Host|#hostname:LAPTOP-I681OQIJ,timestamp:1642514892
2022-01-18T15:08:12,190 - MemoryAvailable.Megabytes:10351.1328125|#Level:Host|#hostname:LAPTOP-I681OQIJ,timestamp:1642514892
2022-01-18T15:08:12,192 - MemoryUsed.Megabytes:1637.96875|#Level:Host|#hostname:LAPTOP-I681OQIJ,timestamp:1642514892
2022-01-18T15:08:12,194 - MemoryUtilization.Percent:18.1|#Level:Host|#hostname:LAPTOP-I681OQIJ,timestamp:1642514892
2022-01-18T15:09:12,379 - CPUUtilization.Percent:50.0|#Level:Host|#hostname:LAPTOP-I681OQIJ,timestamp:1642514952
2022-01-18T15:09:12,383 - DiskAvailable.Gigabytes:217.86566162109375|#Level:Host|#hostname:LAPTOP-I681OQIJ,timestamp:1642514952
2022-01-18T15:09:12,386 - DiskUsage.Gigabytes:20.30120086669922|#Level:Host|#hostname:LAPTOP-I681OQIJ,timestamp:1642514952
2022-01-18T15:09:12,390 - DiskUtilization.Percent:8.5|#Level:Host|#hostname:LAPTOP-I681OQIJ,timestamp:1642514952
2022-01-18T15:09:12,394 - MemoryAvailable.Megabytes:10369.18359375|#Level:Host|#hostname:LAPTOP-I681OQIJ,timestamp:1642514952
2022-01-18T15:09:12,398 - MemoryUsed.Megabytes:1619.91015625|#Level:Host|#hostname:LAPTOP-I681OQIJ,timestamp:1642514952
2022-01-18T15:09:12,402 - MemoryUtilization.Percent:18.0|#Level:Host|#hostname:LAPTOP-I681OQIJ,timestamp:1642514952
2022-01-18T15:10:12,333 - CPUUtilization.Percent:0.0|#Level:Host|#hostname:LAPTOP-I681OQIJ,timestamp:1642515012
2022-01-18T15:10:12,338 - DiskAvailable.Gigabytes:217.86566162109375|#Level:Host|#hostname:LAPTOP-I681OQIJ,timestamp:1642515012
2022-01-18T15:10:12,342 - DiskUsage.Gigabytes:20.30120086669922|#Level:Host|#hostname:LAPTOP-I681OQIJ,timestamp:1642515012
2022-01-18T15:10:12,344 - DiskUtilization.Percent:8.5|#Level:Host|#hostname:LAPTOP-I681OQIJ,timestamp:1642515012
2022-01-18T15:10:12,352 - MemoryAvailable.Megabytes:10375.109375|#Level:Host|#hostname:LAPTOP-I681OQIJ,timestamp:1642515012
2022-01-18T15:10:12,358 - MemoryUsed.Megabytes:1614.01953125|#Level:Host|#hostname:LAPTOP-I681OQIJ,timestamp:1642515012
2022-01-18T15:10:12,360 - MemoryUtilization.Percent:17.9|#Level:Host|#hostname:LAPTOP-I681OQIJ,timestamp:1642515012
2022-01-18T15:11:12,339 - CPUUtilization.Percent:50.0|#Level:Host|#hostname:LAPTOP-I681OQIJ,timestamp:1642515072
2022-01-18T15:11:12,341 - DiskAvailable.Gigabytes:217.86566162109375|#Level:Host|#hostname:LAPTOP-I681OQIJ,timestamp:1642515072
2022-01-18T15:11:12,343 - DiskUsage.Gigabytes:20.30120086669922|#Level:Host|#hostname:LAPTOP-I681OQIJ,timestamp:1642515072
2022-01-18T15:11:12,346 - DiskUtilization.Percent:8.5|#Level:Host|#hostname:LAPTOP-I681OQIJ,timestamp:1642515072
2022-01-18T15:11:12,348 - MemoryAvailable.Megabytes:10373.3984375|#Level:Host|#hostname:LAPTOP-I681OQIJ,timestamp:1642515072
2022-01-18T15:11:12,350 - MemoryUsed.Megabytes:1615.7109375|#Level:Host|#hostname:LAPTOP-I681OQIJ,timestamp:1642515072
2022-01-18T15:11:12,352 - MemoryUtilization.Percent:18.0|#Level:Host|#hostname:LAPTOP-I681OQIJ,timestamp:1642515072
2022-01-18T15:12:12,330 - CPUUtilization.Percent:0.0|#Level:Host|#hostname:LAPTOP-I681OQIJ,timestamp:1642515132
2022-01-18T15:12:12,333 - DiskAvailable.Gigabytes:217.86566162109375|#Level:Host|#hostname:LAPTOP-I681OQIJ,timestamp:1642515132
2022-01-18T15:12:12,337 - DiskUsage.Gigabytes:20.30120086669922|#Level:Host|#hostname:LAPTOP-I681OQIJ,timestamp:1642515132
2022-01-18T15:12:12,342 - DiskUtilization.Percent:8.5|#Level:Host|#hostname:LAPTOP-I681OQIJ,timestamp:1642515132
2022-01-18T15:12:12,346 - MemoryAvailable.Megabytes:10366.21875|#Level:Host|#hostname:LAPTOP-I681OQIJ,timestamp:1642515132
2022-01-18T15:12:12,350 - MemoryUsed.Megabytes:1622.91015625|#Level:Host|#hostname:LAPTOP-I681OQIJ,timestamp:1642515132
2022-01-18T15:12:12,353 - MemoryUtilization.Percent:18.0|#Level:Host|#hostname:LAPTOP-I681OQIJ,timestamp:1642515132
2022-01-18T15:13:12,337 - CPUUtilization.Percent:50.0|#Level:Host|#hostname:LAPTOP-I681OQIJ,timestamp:1642515192
2022-01-18T15:13:12,339 - DiskAvailable.Gigabytes:217.86566162109375|#Level:Host|#hostname:LAPTOP-I681OQIJ,timestamp:1642515192
2022-01-18T15:13:12,341 - DiskUsage.Gigabytes:20.30120086669922|#Level:Host|#hostname:LAPTOP-I681OQIJ,timestamp:1642515192
2022-01-18T15:13:12,342 - DiskUtilization.Percent:8.5|#Level:Host|#hostname:LAPTOP-I681OQIJ,timestamp:1642515192
2022-01-18T15:13:12,344 - MemoryAvailable.Megabytes:10369.734375|#Level:Host|#hostname:LAPTOP-I681OQIJ,timestamp:1642515192
2022-01-18T15:13:12,346 - MemoryUsed.Megabytes:1619.3828125|#Level:Host|#hostname:LAPTOP-I681OQIJ,timestamp:1642515192
2022-01-18T15:13:12,348 - MemoryUtilization.Percent:18.0|#Level:Host|#hostname:LAPTOP-I681OQIJ,timestamp:1642515192
2022-01-18T15:14:12,254 - CPUUtilization.Percent:0.0|#Level:Host|#hostname:LAPTOP-I681OQIJ,timestamp:1642515252
2022-01-18T15:14:12,255 - DiskAvailable.Gigabytes:217.86566162109375|#Level:Host|#hostname:LAPTOP-I681OQIJ,timestamp:1642515252
2022-01-18T15:14:12,256 - DiskUsage.Gigabytes:20.30120086669922|#Level:Host|#hostname:LAPTOP-I681OQIJ,timestamp:1642515252
2022-01-18T15:14:12,257 - DiskUtilization.Percent:8.5|#Level:Host|#hostname:LAPTOP-I681OQIJ,timestamp:1642515252
2022-01-18T15:14:12,258 - MemoryAvailable.Megabytes:10352.4921875|#Level:Host|#hostname:LAPTOP-I681OQIJ,timestamp:1642515252
2022-01-18T15:14:12,259 - MemoryUsed.Megabytes:1636.62890625|#Level:Host|#hostname:LAPTOP-I681OQIJ,timestamp:1642515252
2022-01-18T15:14:12,260 - MemoryUtilization.Percent:18.1|#Level:Host|#hostname:LAPTOP-I681OQIJ,timestamp:1642515252
2022-01-18T15:15:12,380 - CPUUtilization.Percent:0.0|#Level:Host|#hostname:LAPTOP-I681OQIJ,timestamp:1642515312
2022-01-18T15:15:12,383 - DiskAvailable.Gigabytes:217.86566925048828|#Level:Host|#hostname:LAPTOP-I681OQIJ,timestamp:1642515312
2022-01-18T15:15:12,387 - DiskUsage.Gigabytes:20.301193237304688|#Level:Host|#hostname:LAPTOP-I681OQIJ,timestamp:1642515312
2022-01-18T15:15:12,408 - DiskUtilization.Percent:8.5|#Level:Host|#hostname:LAPTOP-I681OQIJ,timestamp:1642515312
2022-01-18T15:15:12,412 - MemoryAvailable.Megabytes:10369.5546875|#Level:Host|#hostname:LAPTOP-I681OQIJ,timestamp:1642515312
2022-01-18T15:15:12,415 - MemoryUsed.Megabytes:1619.40234375|#Level:Host|#hostname:LAPTOP-I681OQIJ,timestamp:1642515312
2022-01-18T15:15:12,419 - MemoryUtilization.Percent:18.0|#Level:Host|#hostname:LAPTOP-I681OQIJ,timestamp:1642515312
